<?xml version="1.0" encoding="UTF-8"?>
<!-- Generated by org.testng.reporters.JUnitXMLReporter -->
<testsuite ignored="1" hostname="DESKTOP-GMBOEKU" failures="0" tests="1" name="Default test" time="10.652" errors="0" timestamp="2025-09-24T21:44:58 IST">
  <testcase classname="com.orangehrm.tests.LoginTests" name="testSuccessfulLogin" time="7.451"/>
  <testcase classname="com.orangehrm.tests.LoginTests" name="testLoginWithInValidCredentials" time="0.0">
    <ignored/>
  </testcase> <!-- testLoginWithInValidCredentials -->
</testsuite> <!-- Default test -->
